build/outputs/logs/manifest-merger-debug-report.txt
-- Merging decision tree log ---
manifest
ADDED from AndroidManifest.xml:2:1
	package
		ADDED from AndroidManifest.xml:3:5
		INJECTED from AndroidManifest.xml:0:0
		INJECTED from AndroidManifest.xml:0:0
	android:versionName
		INJECTED from AndroidManifest.xml:0:0
		INJECTED from AndroidManifest.xml:0:0
	xmlns:android
		ADDED from AndroidManifest.xml:2:11
	android:versionCode
		INJECTED from AndroidManifest.xml:0:0
		INJECTED from AndroidManifest.xml:0:0
uses-permission#android.permission.INTERNET
ADDED from AndroidManifest.xml:4:1
	android:name
		ADDED from AndroidManifest.xml:4:18
uses-permission#android.permission.ACCESS_NETWORK_STATE
ADDED from AndroidManifest.xml:5:1
	android:name
		ADDED from AndroidManifest.xml:5:18
application
ADDED from AndroidManifest.xml:7:5
MERGED from com.android.support:appcompat-v7:25.3.1:29:5
MERGED from com.android.support:support-v4:25.3.1:29:5
MERGED from com.android.support:support-compat:25.3.1:29:5
MERGED from com.android.support:support-media-compat:25.3.1:29:5
MERGED from com.android.support:support-compat:25.3.1:29:5
MERGED from com.android.support:support-core-utils:25.3.1:29:5
MERGED from com.android.support:support-compat:25.3.1:29:5
MERGED from com.android.support:support-core-ui:25.3.1:29:5
MERGED from com.android.support:support-compat:25.3.1:29:5
MERGED from com.android.support:support-fragment:25.3.1:29:5
MERGED from com.android.support:support-compat:25.3.1:29:5
MERGED from com.android.support:support-media-compat:25.3.1:29:5
MERGED from com.android.support:support-compat:25.3.1:29:5
MERGED from com.android.support:support-core-ui:25.3.1:29:5
MERGED from com.android.support:support-compat:25.3.1:29:5
MERGED from com.android.support:support-core-utils:25.3.1:29:5
MERGED from com.android.support:support-compat:25.3.1:29:5
MERGED from com.android.support:support-vector-drawable:25.3.1:26:5
MERGED from com.android.support:support-compat:25.3.1:29:5
MERGED from com.android.support:animated-vector-drawable:25.3.1:26:5
MERGED from com.android.support:support-vector-drawable:25.3.1:26:5
MERGED from com.android.support:support-compat:25.3.1:29:5
MERGED from com.android.support:design:25.3.1:29:5
MERGED from com.android.support:support-v4:25.3.1:29:5
MERGED from com.android.support:support-compat:25.3.1:29:5
MERGED from com.android.support:support-media-compat:25.3.1:29:5
MERGED from com.android.support:support-compat:25.3.1:29:5
MERGED from com.android.support:support-core-utils:25.3.1:29:5
MERGED from com.android.support:support-compat:25.3.1:29:5
MERGED from com.android.support:support-core-ui:25.3.1:29:5
MERGED from com.android.support:support-compat:25.3.1:29:5
MERGED from com.android.support:support-fragment:25.3.1:29:5
MERGED from com.android.support:support-compat:25.3.1:29:5
MERGED from com.android.support:support-media-compat:25.3.1:29:5
MERGED from com.android.support:support-compat:25.3.1:29:5
MERGED from com.android.support:support-core-ui:25.3.1:29:5
MERGED from com.android.support:support-compat:25.3.1:29:5
MERGED from com.android.support:support-core-utils:25.3.1:29:5
MERGED from com.android.support:support-compat:25.3.1:29:5
MERGED from com.android.support:appcompat-v7:25.3.1:29:5
MERGED from com.android.support:support-v4:25.3.1:29:5
MERGED from com.android.support:support-compat:25.3.1:29:5
MERGED from com.android.support:support-media-compat:25.3.1:29:5
MERGED from com.android.support:support-compat:25.3.1:29:5
MERGED from com.android.support:support-core-utils:25.3.1:29:5
MERGED from com.android.support:support-compat:25.3.1:29:5
MERGED from com.android.support:support-core-ui:25.3.1:29:5
MERGED from com.android.support:support-compat:25.3.1:29:5
MERGED from com.android.support:support-fragment:25.3.1:29:5
MERGED from com.android.support:support-compat:25.3.1:29:5
MERGED from com.android.support:support-media-compat:25.3.1:29:5
MERGED from com.android.support:support-compat:25.3.1:29:5
MERGED from com.android.support:support-core-ui:25.3.1:29:5
MERGED from com.android.support:support-compat:25.3.1:29:5
MERGED from com.android.support:support-core-utils:25.3.1:29:5
MERGED from com.android.support:support-compat:25.3.1:29:5
MERGED from com.android.support:support-vector-drawable:25.3.1:26:5
MERGED from com.android.support:support-compat:25.3.1:29:5
MERGED from com.android.support:animated-vector-drawable:25.3.1:26:5
MERGED from com.android.support:support-vector-drawable:25.3.1:26:5
MERGED from com.android.support:support-compat:25.3.1:29:5
MERGED from com.android.support:support-compat:25.3.1:29:5
MERGED from com.android.support:support-core-ui:25.3.1:29:5
MERGED from com.android.support:support-compat:25.3.1:29:5
MERGED from com.android.support:transition:25.3.1:26:5
MERGED from com.android.support:support-v4:25.3.1:29:5
MERGED from com.android.support:support-compat:25.3.1:29:5
MERGED from com.android.support:support-media-compat:25.3.1:29:5
MERGED from com.android.support:support-compat:25.3.1:29:5
MERGED from com.android.support:support-core-utils:25.3.1:29:5
MERGED from com.android.support:support-compat:25.3.1:29:5
MERGED from com.android.support:support-core-ui:25.3.1:29:5
MERGED from com.android.support:support-compat:25.3.1:29:5
MERGED from com.android.support:support-fragment:25.3.1:29:5
MERGED from com.android.support:support-compat:25.3.1:29:5
MERGED from com.android.support:support-media-compat:25.3.1:29:5
MERGED from com.android.support:support-compat:25.3.1:29:5
MERGED from com.android.support:support-core-ui:25.3.1:29:5
MERGED from com.android.support:support-compat:25.3.1:29:5
MERGED from com.android.support:support-core-utils:25.3.1:29:5
MERGED from com.android.support:support-compat:25.3.1:29:5
MERGED from com.android.support:support-v4:25.3.1:29:5
MERGED from com.android.support:support-compat:25.3.1:29:5
MERGED from com.android.support:support-media-compat:25.3.1:29:5
MERGED from com.android.support:support-compat:25.3.1:29:5
MERGED from com.android.support:support-core-utils:25.3.1:29:5
MERGED from com.android.support:support-compat:25.3.1:29:5
MERGED from com.android.support:support-core-ui:25.3.1:29:5
MERGED from com.android.support:support-compat:25.3.1:29:5
MERGED from com.android.support:support-fragment:25.3.1:29:5
MERGED from com.android.support:support-compat:25.3.1:29:5
MERGED from com.android.support:support-media-compat:25.3.1:29:5
MERGED from com.android.support:support-compat:25.3.1:29:5
MERGED from com.android.support:support-core-ui:25.3.1:29:5
MERGED from com.android.support:support-compat:25.3.1:29:5
MERGED from com.android.support:support-core-utils:25.3.1:29:5
MERGED from com.android.support:support-compat:25.3.1:29:5
	android:label
		ADDED from AndroidManifest.xml:10:9
	android:supportsRtl
		ADDED from AndroidManifest.xml:12:9
	android:roundIcon
		ADDED from AndroidManifest.xml:11:9
	android:allowBackup
		ADDED from AndroidManifest.xml:8:9
	android:icon
		ADDED from AndroidManifest.xml:9:9
	android:theme
		ADDED from AndroidManifest.xml:13:9
activity#br.com.julopes.tadsprointer.MainActivity
ADDED from AndroidManifest.xml:14:9
	android:name
		ADDED from AndroidManifest.xml:14:19
intent-filter#android.intent.action.MAIN+android.intent.category.LAUNCHER
ADDED from AndroidManifest.xml:15:13
action#android.intent.action.MAIN
ADDED from AndroidManifest.xml:16:17
	android:name
		ADDED from AndroidManifest.xml:16:25
category#android.intent.category.LAUNCHER
ADDED from AndroidManifest.xml:17:17
	android:name
		ADDED from AndroidManifest.xml:17:27
activity#br.com.julopes.tadsprointer.MainActivityLogged
ADDED from AndroidManifest.xml:20:9
	android:name
		ADDED from AndroidManifest.xml:20:19
uses-sdk
INJECTED from AndroidManifest.xml:0:0 reason: use-sdk injection requested
MERGED from com.android.support:appcompat-v7:25.3.1:21:5
MERGED from com.android.support:support-v4:25.3.1:21:5
MERGED from com.android.support:support-compat:25.3.1:21:5
MERGED from com.android.support:support-media-compat:25.3.1:21:5
MERGED from com.android.support:support-compat:25.3.1:21:5
MERGED from com.android.support:support-core-utils:25.3.1:21:5
MERGED from com.android.support:support-compat:25.3.1:21:5
MERGED from com.android.support:support-core-ui:25.3.1:21:5
MERGED from com.android.support:support-compat:25.3.1:21:5
MERGED from com.android.support:support-fragment:25.3.1:21:5
MERGED from com.android.support:support-compat:25.3.1:21:5
MERGED from com.android.support:support-media-compat:25.3.1:21:5
MERGED from com.android.support:support-compat:25.3.1:21:5
MERGED from com.android.support:support-core-ui:25.3.1:21:5
MERGED from com.android.support:support-compat:25.3.1:21:5
MERGED from com.android.support:support-core-utils:25.3.1:21:5
MERGED from com.android.support:support-compat:25.3.1:21:5
MERGED from com.android.support:support-vector-drawable:25.3.1:20:5
MERGED from com.android.support:support-compat:25.3.1:21:5
MERGED from com.android.support:animated-vector-drawable:25.3.1:20:5
MERGED from com.android.support:support-vector-drawable:25.3.1:20:5
MERGED from com.android.support:support-compat:25.3.1:21:5
MERGED from com.android.support:design:25.3.1:21:5
MERGED from com.android.support:support-v4:25.3.1:21:5
MERGED from com.android.support:support-compat:25.3.1:21:5
MERGED from com.android.support:support-media-compat:25.3.1:21:5
MERGED from com.android.support:support-compat:25.3.1:21:5
MERGED from com.android.support:support-core-utils:25.3.1:21:5
MERGED from com.android.support:support-compat:25.3.1:21:5
MERGED from com.android.support:support-core-ui:25.3.1:21:5
MERGED from com.android.support:support-compat:25.3.1:21:5
MERGED from com.android.support:support-fragment:25.3.1:21:5
MERGED from com.android.support:support-compat:25.3.1:21:5
MERGED from com.android.support:support-media-compat:25.3.1:21:5
MERGED from com.android.support:support-compat:25.3.1:21:5
MERGED from com.android.support:support-core-ui:25.3.1:21:5
MERGED from com.android.support:support-compat:25.3.1:21:5
MERGED from com.android.support:support-core-utils:25.3.1:21:5
MERGED from com.android.support:support-compat:25.3.1:21:5
MERGED from com.android.support:appcompat-v7:25.3.1:21:5
MERGED from com.android.support:support-v4:25.3.1:21:5
MERGED from com.android.support:support-compat:25.3.1:21:5
MERGED from com.android.support:support-media-compat:25.3.1:21:5
MERGED from com.android.support:support-compat:25.3.1:21:5
MERGED from com.android.support:support-core-utils:25.3.1:21:5
MERGED from com.android.support:support-compat:25.3.1:21:5
MERGED from com.android.support:support-core-ui:25.3.1:21:5
MERGED from com.android.support:support-compat:25.3.1:21:5
MERGED from com.android.support:support-fragment:25.3.1:21:5
MERGED from com.android.support:support-compat:25.3.1:21:5
MERGED from com.android.support:support-media-compat:25.3.1:21:5
MERGED from com.android.support:support-compat:25.3.1:21:5
MERGED from com.android.support:support-core-ui:25.3.1:21:5
MERGED from com.android.support:support-compat:25.3.1:21:5
MERGED from com.android.support:support-core-utils:25.3.1:21:5
MERGED from com.android.support:support-compat:25.3.1:21:5
MERGED from com.android.support:support-vector-drawable:25.3.1:20:5
MERGED from com.android.support:support-compat:25.3.1:21:5
MERGED from com.android.support:animated-vector-drawable:25.3.1:20:5
MERGED from com.android.support:support-vector-drawable:25.3.1:20:5
MERGED from com.android.support:support-compat:25.3.1:21:5
MERGED from com.android.support:recyclerview-v7:25.3.1:20:5
MERGED from com.android.support:support-compat:25.3.1:21:5
MERGED from com.android.support:support-core-ui:25.3.1:21:5
MERGED from com.android.support:support-compat:25.3.1:21:5
MERGED from com.android.support:transition:25.3.1:20:5
MERGED from com.android.support:support-v4:25.3.1:21:5
MERGED from com.android.support:support-compat:25.3.1:21:5
MERGED from com.android.support:support-media-compat:25.3.1:21:5
MERGED from com.android.support:support-compat:25.3.1:21:5
MERGED from com.android.support:support-core-utils:25.3.1:21:5
MERGED from com.android.support:support-compat:25.3.1:21:5
MERGED from com.android.support:support-core-ui:25.3.1:21:5
MERGED from com.android.support:support-compat:25.3.1:21:5
MERGED from com.android.support:support-fragment:25.3.1:21:5
MERGED from com.android.support:support-compat:25.3.1:21:5
MERGED from com.android.support:support-media-compat:25.3.1:21:5
MERGED from com.android.support:support-compat:25.3.1:21:5
MERGED from com.android.support:support-core-ui:25.3.1:21:5
MERGED from com.android.support:support-compat:25.3.1:21:5
MERGED from com.android.support:support-core-utils:25.3.1:21:5
MERGED from com.android.support:support-compat:25.3.1:21:5
MERGED from com.android.support:support-v4:25.3.1:21:5
MERGED from com.android.support:support-compat:25.3.1:21:5
MERGED from com.android.support:support-media-compat:25.3.1:21:5
MERGED from com.android.support:support-compat:25.3.1:21:5
MERGED from com.android.support:support-core-utils:25.3.1:21:5
MERGED from com.android.support:support-compat:25.3.1:21:5
MERGED from com.android.support:support-core-ui:25.3.1:21:5
MERGED from com.android.support:support-compat:25.3.1:21:5
MERGED from com.android.support:support-fragment:25.3.1:21:5
MERGED from com.android.support:support-compat:25.3.1:21:5
MERGED from com.android.support:support-media-compat:25.3.1:21:5
MERGED from com.android.support:support-compat:25.3.1:21:5
MERGED from com.android.support:support-core-ui:25.3.1:21:5
MERGED from com.android.support:support-compat:25.3.1:21:5
MERGED from com.android.support:support-core-utils:25.3.1:21:5
MERGED from com.android.support:support-compat:25.3.1:21:5
	tools:overrideLibrary
		ADDED from com.android.support:appcompat-v7:25.3.1:23:9
	android:targetSdkVersion
		INJECTED from AndroidManifest.xml:0:0
		INJECTED from AndroidManifest.xml:0:0
	android:minSdkVersion
		INJECTED from AndroidManifest.xml:0:0
		INJECTED from AndroidManifest.xml:0:0
meta-data#android.support.VERSION
ADDED from com.android.support:appcompat-v7:25.3.1:25:5
MERGED from com.android.support:support-v4:25.3.1:25:5
MERGED from com.android.support:support-compat:25.3.1:25:5
MERGED from com.android.support:support-media-compat:25.3.1:25:5
MERGED from com.android.support:support-compat:25.3.1:25:5
MERGED from com.android.support:support-core-utils:25.3.1:25:5
MERGED from com.android.support:support-compat:25.3.1:25:5
MERGED from com.android.support:support-core-ui:25.3.1:25:5
MERGED from com.android.support:support-compat:25.3.1:25:5
MERGED from com.android.support:support-fragment:25.3.1:25:5
MERGED from com.android.support:support-compat:25.3.1:25:5
MERGED from com.android.support:support-media-compat:25.3.1:25:5
MERGED from com.android.support:support-compat:25.3.1:25:5
MERGED from com.android.support:support-core-ui:25.3.1:25:5
MERGED from com.android.support:support-compat:25.3.1:25:5
MERGED from com.android.support:support-core-utils:25.3.1:25:5
MERGED from com.android.support:support-compat:25.3.1:25:5
MERGED from com.android.support:support-vector-drawable:25.3.1:22:5
MERGED from com.android.support:support-compat:25.3.1:25:5
MERGED from com.android.support:animated-vector-drawable:25.3.1:22:5
MERGED from com.android.support:support-vector-drawable:25.3.1:22:5
MERGED from com.android.support:support-compat:25.3.1:25:5
MERGED from com.android.support:design:25.3.1:25:5
MERGED from com.android.support:support-v4:25.3.1:25:5
MERGED from com.android.support:support-compat:25.3.1:25:5
MERGED from com.android.support:support-media-compat:25.3.1:25:5
MERGED from com.android.support:support-compat:25.3.1:25:5
MERGED from com.android.support:support-core-utils:25.3.1:25:5
MERGED from com.android.support:support-compat:25.3.1:25:5
MERGED from com.android.support:support-core-ui:25.3.1:25:5
MERGED from com.android.support:support-compat:25.3.1:25:5
MERGED from com.android.support:support-fragment:25.3.1:25:5
MERGED from com.android.support:support-compat:25.3.1:25:5
MERGED from com.android.support:support-media-compat:25.3.1:25:5
MERGED from com.android.support:support-compat:25.3.1:25:5
MERGED from com.android.support:support-core-ui:25.3.1:25:5
MERGED from com.android.support:support-compat:25.3.1:25:5
MERGED from com.android.support:support-core-utils:25.3.1:25:5
MERGED from com.android.support:support-compat:25.3.1:25:5
MERGED from com.android.support:appcompat-v7:25.3.1:25:5
MERGED from com.android.support:support-v4:25.3.1:25:5
MERGED from com.android.support:support-compat:25.3.1:25:5
MERGED from com.android.support:support-media-compat:25.3.1:25:5
MERGED from com.android.support:support-compat:25.3.1:25:5
MERGED from com.android.support:support-core-utils:25.3.1:25:5
MERGED from com.android.support:support-compat:25.3.1:25:5
MERGED from com.android.support:support-core-ui:25.3.1:25:5
MERGED from com.android.support:support-compat:25.3.1:25:5
MERGED from com.android.support:support-fragment:25.3.1:25:5
MERGED from com.android.support:support-compat:25.3.1:25:5
MERGED from com.android.support:support-media-compat:25.3.1:25:5
MERGED from com.android.support:support-compat:25.3.1:25:5
MERGED from com.android.support:support-core-ui:25.3.1:25:5
MERGED from com.android.support:support-compat:25.3.1:25:5
MERGED from com.android.support:support-core-utils:25.3.1:25:5
MERGED from com.android.support:support-compat:25.3.1:25:5
MERGED from com.android.support:support-vector-drawable:25.3.1:22:5
MERGED from com.android.support:support-compat:25.3.1:25:5
MERGED from com.android.support:animated-vector-drawable:25.3.1:22:5
MERGED from com.android.support:support-vector-drawable:25.3.1:22:5
MERGED from com.android.support:support-compat:25.3.1:25:5
MERGED from com.android.support:recyclerview-v7:25.3.1:22:5
MERGED from com.android.support:support-compat:25.3.1:25:5
MERGED from com.android.support:support-core-ui:25.3.1:25:5
MERGED from com.android.support:support-compat:25.3.1:25:5
MERGED from com.android.support:transition:25.3.1:22:5
MERGED from com.android.support:support-v4:25.3.1:25:5
MERGED from com.android.support:support-compat:25.3.1:25:5
MERGED from com.android.support:support-media-compat:25.3.1:25:5
MERGED from com.android.support:support-compat:25.3.1:25:5
MERGED from com.android.support:support-core-utils:25.3.1:25:5
MERGED from com.android.support:support-compat:25.3.1:25:5
MERGED from com.android.support:support-core-ui:25.3.1:25:5
MERGED from com.android.support:support-compat:25.3.1:25:5
MERGED from com.android.support:support-fragment:25.3.1:25:5
MERGED from com.android.support:support-compat:25.3.1:25:5
MERGED from com.android.support:support-media-compat:25.3.1:25:5
MERGED from com.android.support:support-compat:25.3.1:25:5
MERGED from com.android.support:support-core-ui:25.3.1:25:5
MERGED from com.android.support:support-compat:25.3.1:25:5
MERGED from com.android.support:support-core-utils:25.3.1:25:5
MERGED from com.android.support:support-compat:25.3.1:25:5
MERGED from com.android.support:support-v4:25.3.1:25:5
MERGED from com.android.support:support-compat:25.3.1:25:5
MERGED from com.android.support:support-media-compat:25.3.1:25:5
MERGED from com.android.support:support-compat:25.3.1:25:5
MERGED from com.android.support:support-core-utils:25.3.1:25:5
MERGED from com.android.support:support-compat:25.3.1:25:5
MERGED from com.android.support:support-core-ui:25.3.1:25:5
MERGED from com.android.support:support-compat:25.3.1:25:5
MERGED from com.android.support:support-fragment:25.3.1:25:5
MERGED from com.android.support:support-compat:25.3.1:25:5
MERGED from com.android.support:support-media-compat:25.3.1:25:5
MERGED from com.android.support:support-compat:25.3.1:25:5
MERGED from com.android.support:support-core-ui:25.3.1:25:5
MERGED from com.android.support:support-compat:25.3.1:25:5
MERGED from com.android.support:support-core-utils:25.3.1:25:5
MERGED from com.android.support:support-compat:25.3.1:25:5
	android:value
		ADDED from com.android.support:appcompat-v7:25.3.1:27:9
	android:name
		ADDED from com.android.support:appcompat-v7:25.3.1:26:9